Start testing: Nov 26 20:22 CST
----------------------------------------------------------
1/1 Testing: TokenBucket
1/1 Test: TokenBucket
Command: "/home/hjjiang/MicroSentinel/build/agent/ms_agent_tests"
Directory: /home/hjjiang/MicroSentinel/build/agent
"TokenBucket" start time: Nov 26 20:22 CST
Output:
----------------------------------------------------------
All tests passed
<end of output>
Test time =   0.02 sec
----------------------------------------------------------
Test Passed.
"TokenBucket" end time: Nov 26 20:22 CST
"TokenBucket" time elapsed: 00:00:00
----------------------------------------------------------

End testing: Nov 26 20:22 CST
